Compiled jquery.js  (3ms)  (pid 108412)
Compiled jquery_ujs.js  (0ms)  (pid 108412)
Compiled bootstrap.min.js  (0ms)  (pid 108412)
Compiled home.js  (609ms)  (pid 108412)
Compiled offers.js  (162ms)  (pid 108412)
Compiled products.js  (147ms)  (pid 108412)
Compiled application.js  (1099ms)  (pid 108412)
Compiled home.css  (1898ms)  (pid 108412)
Compiled offers.css  (1249ms)  (pid 108412)
Compiled products.css  (5ms)  (pid 108412)
Compiled scaffolds.css  (5ms)  (pid 108412)
Compiled application.css  (3284ms)  (pid 108412)
Compiled jquery.js  (1ms)  (pid 110100)
Compiled jquery_ujs.js  (0ms)  (pid 110100)
Compiled bootstrap.min.js  (0ms)  (pid 110100)
Compiled home.js  (148ms)  (pid 110100)
Compiled offers.js  (131ms)  (pid 110100)
Compiled products.js  (154ms)  (pid 110100)
Compiled application.js  (530ms)  (pid 110100)
Compiled home.css  (1294ms)  (pid 110100)
Compiled offers.css  (1402ms)  (pid 110100)
Compiled products.css  (4ms)  (pid 110100)
Compiled scaffolds.css  (5ms)  (pid 110100)
Compiled application.css  (2782ms)  (pid 110100)
